+--------------Param Info--------------+
| Start Time    : 2025-12-04_11-01-37  |
| MXQ           : ./yolov8_pose.mxq    |
| Core Mode     : Single               |
| Core          : 8                    |
| Threads       : 16                   |
| Infer Type    : InferInt             |
| Batch Size    : 1                    |
+--------------------------------------+
Total Inference      : 0 (+0)
Total Running Time   : 0 / 100 sec
Avg Inference        : 0.00
Avg Turn-around Time : 0.00 ms
Total Inference      : 7409 (+744)
Total Running Time   : 10 / 100 sec
Avg Inference        : 740.79
Avg Turn-around Time : 21.57 ms
Total Inference      : 14830 (+743)
Total Running Time   : 20 / 100 sec
Avg Inference        : 741.38
Avg Turn-around Time : 21.56 ms
Total Inference      : 22249 (+741)
Total Running Time   : 30 / 100 sec
Avg Inference        : 741.52
Avg Turn-around Time : 21.56 ms
Total Inference      : 29668 (+743)
Total Running Time   : 40 / 100 sec
Avg Inference        : 741.59
Avg Turn-around Time : 21.56 ms
Total Inference      : 37089 (+742)
Total Running Time   : 50 / 100 sec
Avg Inference        : 741.67
Avg Turn-around Time : 21.56 ms
Total Inference      : 44501 (+740)
Total Running Time   : 60 / 100 sec
Avg Inference        : 741.57
Avg Turn-around Time : 21.57 ms
Total Inference      : 51924 (+743)
Total Running Time   : 70 / 100 sec
Avg Inference        : 741.66
Avg Turn-around Time : 21.57 ms
Total Inference      : 59342 (+743)
Total Running Time   : 80 / 100 sec
Avg Inference        : 741.66
Avg Turn-around Time : 21.56 ms
Total Inference      : 66763 (+743)
Total Running Time   : 90 / 100 sec
Avg Inference        : 741.69
Avg Turn-around Time : 21.56 ms
Total Inference      : 74181 (+741)
Total Running Time   : 100 / 100 sec
Avg Inference        : 741.68
Avg Turn-around Time : 21.56 ms
